[0308/104858.173:WARNING:spdy_session.cc(3365)] Received HEADERS for invalid stream 27
[0308/104909.600:ERROR:device_event_log_impl.cc(208)] [10:49:09.600] Bluetooth: bluetooth_adapter_winrt.cc:1074 Getting Default Adapter failed.
[0308/105337.885:WARNING:spdy_session.cc(3365)] Received HEADERS for invalid stream 229
[0308/105337.885:WARNING:spdy_session.cc(3365)] Received HEADERS for invalid stream 237
[0308/105337.885:WARNING:spdy_session.cc(3365)] Received HEADERS for invalid stream 239
[0308/105337.885:WARNING:spdy_session.cc(3365)] Received HEADERS for invalid stream 231
[0308/105337.885:WARNING:spdy_session.cc(3365)] Received HEADERS for invalid stream 227
[0308/105337.885:WARNING:spdy_session.cc(3365)] Received HEADERS for invalid stream 247
[0308/105337.885:WARNING:spdy_session.cc(3365)] Received HEADERS for invalid stream 257
[0308/105337.885:WARNING:spdy_session.cc(3365)] Received HEADERS for invalid stream 267
[0308/105337.886:WARNING:spdy_session.cc(3365)] Received HEADERS for invalid stream 233
[0308/105337.886:WARNING:spdy_session.cc(3365)] Received HEADERS for invalid stream 235
[0308/105337.886:WARNING:spdy_session.cc(3365)] Received HEADERS for invalid stream 241
[0308/105337.886:WARNING:spdy_session.cc(3365)] Received HEADERS for invalid stream 253
[0308/105337.886:WARNING:spdy_session.cc(3365)] Received HEADERS for invalid stream 245
[0308/105337.886:WARNING:spdy_session.cc(3365)] Received HEADERS for invalid stream 243
[0308/105337.886:WARNING:spdy_session.cc(3365)] Received HEADERS for invalid stream 255
[0308/105337.886:WARNING:spdy_session.cc(3365)] Received HEADERS for invalid stream 259
[0308/105337.886:WARNING:spdy_session.cc(3365)] Received HEADERS for invalid stream 249
[0308/105337.886:WARNING:spdy_session.cc(3365)] Received HEADERS for invalid stream 251
[0308/105337.886:WARNING:spdy_session.cc(3365)] Received HEADERS for invalid stream 261
[0308/105337.886:WARNING:spdy_session.cc(3365)] Received HEADERS for invalid stream 265
[0308/105337.886:WARNING:spdy_session.cc(3365)] Received HEADERS for invalid stream 263
[0308/111717.836:WARNING:spdy_session.cc(3365)] Received HEADERS for invalid stream 149
[0308/111717.836:WARNING:spdy_session.cc(3365)] Received HEADERS for invalid stream 151
[0308/111717.837:WARNING:spdy_session.cc(3365)] Received HEADERS for invalid stream 153
[0308/111717.837:WARNING:spdy_session.cc(3365)] Received HEADERS for invalid stream 155
[0308/111717.837:WARNING:spdy_session.cc(3365)] Received HEADERS for invalid stream 157
[0308/111717.837:WARNING:spdy_session.cc(3365)] Received HEADERS for invalid stream 161
[0308/111717.837:WARNING:spdy_session.cc(3365)] Received HEADERS for invalid stream 163
[0308/111717.837:WARNING:spdy_session.cc(3365)] Received HEADERS for invalid stream 165
[0308/111717.837:WARNING:spdy_session.cc(3365)] Received HEADERS for invalid stream 167
[0308/111717.837:WARNING:spdy_session.cc(3365)] Received HEADERS for invalid stream 169
[0308/111717.837:WARNING:spdy_session.cc(3365)] Received HEADERS for invalid stream 159
[0308/112722.956:WARNING:spdy_session.cc(3365)] Received HEADERS for invalid stream 345
[0308/112722.956:WARNING:spdy_session.cc(3365)] Received HEADERS for invalid stream 347
[0308/112722.956:WARNING:spdy_session.cc(3365)] Received HEADERS for invalid stream 349
[0308/112735.357:WARNING:spdy_session.cc(3365)] Received HEADERS for invalid stream 351
[0308/113116.063:WARNING:spdy_session.cc(3365)] Received HEADERS for invalid stream 515
[0308/113116.063:WARNING:spdy_session.cc(3365)] Received HEADERS for invalid stream 517
[0308/113131.430:WARNING:spdy_session.cc(3365)] Received HEADERS for invalid stream 519
[0308/113131.431:WARNING:spdy_session.cc(3365)] Received HEADERS for invalid stream 521
[0308/113149.571:WARNING:spdy_session.cc(3365)] Received HEADERS for invalid stream 523
[0308/113149.571:WARNING:spdy_session.cc(3088)] Received RST for invalid stream589
[0308/113149.571:WARNING:spdy_session.cc(3365)] Received HEADERS for invalid stream 525
[0308/113149.571:WARNING:spdy_session.cc(3365)] Received HEADERS for invalid stream 527
[0308/113149.571:WARNING:spdy_session.cc(3365)] Received HEADERS for invalid stream 529
[0308/113149.572:WARNING:spdy_session.cc(3365)] Received HEADERS for invalid stream 531
[0308/113149.572:WARNING:spdy_session.cc(3365)] Received HEADERS for invalid stream 533
[0308/113149.572:WARNING:spdy_session.cc(3365)] Received HEADERS for invalid stream 535
[0308/113149.572:WARNING:spdy_session.cc(3365)] Received HEADERS for invalid stream 539
[0308/113149.572:WARNING:spdy_session.cc(3365)] Received HEADERS for invalid stream 537
[0308/113149.572:WARNING:spdy_session.cc(3365)] Received HEADERS for invalid stream 541
[0308/113149.572:WARNING:spdy_session.cc(3365)] Received HEADERS for invalid stream 545
[0308/113149.572:WARNING:spdy_session.cc(3365)] Received HEADERS for invalid stream 549
[0308/113149.572:WARNING:spdy_session.cc(3365)] Received HEADERS for invalid stream 547
[0308/113149.572:WARNING:spdy_session.cc(3365)] Received HEADERS for invalid stream 551
[0308/113149.572:WARNING:spdy_session.cc(3365)] Received HEADERS for invalid stream 553
[0308/113149.572:WARNING:spdy_session.cc(3365)] Received HEADERS for invalid stream 555
[0308/113149.572:WARNING:spdy_session.cc(3365)] Received HEADERS for invalid stream 559
[0308/113149.572:WARNING:spdy_session.cc(3365)] Received HEADERS for invalid stream 557
[0308/113149.572:WARNING:spdy_session.cc(3365)] Received HEADERS for invalid stream 561
[0308/113149.572:WARNING:spdy_session.cc(3365)] Received HEADERS for invalid stream 563
[0308/113149.572:WARNING:spdy_session.cc(3365)] Received HEADERS for invalid stream 569
[0308/113149.572:WARNING:spdy_session.cc(3365)] Received HEADERS for invalid stream 567
[0308/113149.572:WARNING:spdy_session.cc(3365)] Received HEADERS for invalid stream 571
[0308/113149.572:WARNING:spdy_session.cc(3365)] Received HEADERS for invalid stream 577
[0308/113149.572:WARNING:spdy_session.cc(3365)] Received HEADERS for invalid stream 573
[0308/113149.572:WARNING:spdy_session.cc(3365)] Received HEADERS for invalid stream 575
[0308/113149.572:WARNING:spdy_session.cc(3365)] Received HEADERS for invalid stream 579
[0308/113149.572:WARNING:spdy_session.cc(3365)] Received HEADERS for invalid stream 581
[0308/113149.572:WARNING:spdy_session.cc(3365)] Received HEADERS for invalid stream 587
[0308/113149.572:WARNING:spdy_session.cc(3365)] Received HEADERS for invalid stream 585
[0308/113149.572:WARNING:spdy_session.cc(3365)] Received HEADERS for invalid stream 543
[0308/113149.573:WARNING:spdy_session.cc(3365)] Received HEADERS for invalid stream 565
[0308/113149.573:WARNING:spdy_session.cc(3365)] Received HEADERS for invalid stream 583
[0308/113220.655:WARNING:spdy_session.cc(3365)] Received HEADERS for invalid stream 591
[0308/113220.655:WARNING:spdy_session.cc(3365)] Received HEADERS for invalid stream 593
[0308/113220.655:WARNING:spdy_session.cc(3088)] Received RST for invalid stream621
[0308/113220.655:WARNING:spdy_session.cc(3088)] Received RST for invalid stream623
[0308/113220.655:WARNING:spdy_session.cc(3088)] Received RST for invalid stream625
[0308/113220.655:WARNING:spdy_session.cc(3088)] Received RST for invalid stream627
[0308/113220.655:WARNING:spdy_session.cc(3088)] Received RST for invalid stream629
[0308/113220.655:WARNING:spdy_session.cc(3088)] Received RST for invalid stream631
[0308/113220.655:WARNING:spdy_session.cc(3088)] Received RST for invalid stream633
[0308/113220.655:WARNING:spdy_session.cc(3088)] Received RST for invalid stream635
[0308/113220.655:WARNING:spdy_session.cc(3088)] Received RST for invalid stream637
[0308/113220.655:WARNING:spdy_session.cc(3088)] Received RST for invalid stream639
[0308/113220.655:WARNING:spdy_session.cc(3088)] Received RST for invalid stream641
[0308/113220.655:WARNING:spdy_session.cc(3088)] Received RST for invalid stream643
[0308/113220.655:WARNING:spdy_session.cc(3088)] Received RST for invalid stream645
[0308/113220.655:WARNING:spdy_session.cc(3088)] Received RST for invalid stream647
[0308/113220.655:WARNING:spdy_session.cc(3088)] Received RST for invalid stream649
[0308/113220.656:WARNING:spdy_session.cc(3088)] Received RST for invalid stream651
[0308/113220.656:WARNING:spdy_session.cc(3088)] Received RST for invalid stream653
[0308/113220.656:WARNING:spdy_session.cc(3088)] Received RST for invalid stream655
[0308/113220.656:WARNING:spdy_session.cc(3088)] Received RST for invalid stream657
[0308/113220.656:WARNING:spdy_session.cc(3088)] Received RST for invalid stream659
[0308/113220.656:WARNING:spdy_session.cc(3365)] Received HEADERS for invalid stream 595
[0308/113220.656:WARNING:spdy_session.cc(3365)] Received HEADERS for invalid stream 599
[0308/113220.656:WARNING:spdy_session.cc(3365)] Received HEADERS for invalid stream 603
[0308/113220.656:WARNING:spdy_session.cc(3365)] Received HEADERS for invalid stream 601
[0308/113220.656:WARNING:spdy_session.cc(3365)] Received HEADERS for invalid stream 605
[0308/113220.656:WARNING:spdy_session.cc(3365)] Received HEADERS for invalid stream 607
[0308/113220.656:WARNING:spdy_session.cc(3365)] Received HEADERS for invalid stream 609
[0308/113220.656:WARNING:spdy_session.cc(3365)] Received HEADERS for invalid stream 597
[0308/113220.656:WARNING:spdy_session.cc(3365)] Received HEADERS for invalid stream 611
[0308/113220.656:WARNING:spdy_session.cc(3365)] Received HEADERS for invalid stream 613
[0308/113220.656:WARNING:spdy_session.cc(3365)] Received HEADERS for invalid stream 619
[0308/113220.656:WARNING:spdy_session.cc(3365)] Received HEADERS for invalid stream 615
[0308/113220.656:WARNING:spdy_session.cc(3365)] Received HEADERS for invalid stream 617
[0308/113220.656:WARNING:spdy_session.cc(3365)] Received HEADERS for invalid stream 661
[0308/113220.656:WARNING:spdy_session.cc(3365)] Received HEADERS for invalid stream 663
[0308/113220.656:WARNING:spdy_session.cc(3365)] Received HEADERS for invalid stream 665
[0308/113220.656:WARNING:spdy_session.cc(3365)] Received HEADERS for invalid stream 671
[0308/113220.656:WARNING:spdy_session.cc(3365)] Received HEADERS for invalid stream 675
[0308/113220.656:WARNING:spdy_session.cc(3365)] Received HEADERS for invalid stream 673
[0308/113919.732:WARNING:dns_config_service_win.cc(700)] Failed to read DnsConfig.
[0308/113919.746:WARNING:dns_config_service_win.cc(700)] Failed to read DnsConfig.
[0308/113924.740:WARNING:dns_config_service_win.cc(700)] Failed to read DnsConfig.
[0308/113924.750:WARNING:dns_config_service_win.cc(700)] Failed to read DnsConfig.
[0806/160822.929:WARNING:spdy_session.cc(3365)] Received HEADERS for invalid stream 7
[0806/160823.284:WARNING:spdy_session.cc(3365)] Received HEADERS for invalid stream 3
[0806/160824.007:WARNING:spdy_session.cc(3365)] Received HEADERS for invalid stream 1
[0806/160824.550:WARNING:spdy_session.cc(3365)] Received HEADERS for invalid stream 5
[0806/160824.818:WARNING:spdy_session.cc(3365)] Received HEADERS for invalid stream 7
[0806/160825.922:WARNING:spdy_session.cc(3365)] Received HEADERS for invalid stream 9
[0806/160826.704:WARNING:spdy_session.cc(3365)] Received HEADERS for invalid stream 11
[0806/160826.987:WARNING:spdy_session.cc(3365)] Received HEADERS for invalid stream 15
[0806/160826.987:WARNING:spdy_session.cc(3365)] Received HEADERS for invalid stream 13
[0806/160828.003:WARNING:spdy_session.cc(3365)] Received HEADERS for invalid stream 19
[0806/160828.003:WARNING:spdy_session.cc(3365)] Received HEADERS for invalid stream 21
[0806/160828.279:WARNING:spdy_session.cc(3365)] Received HEADERS for invalid stream 23
[0806/160829.210:WARNING:spdy_session.cc(3365)] Received HEADERS for invalid stream 25
[0806/160830.651:WARNING:spdy_session.cc(3365)] Received HEADERS for invalid stream 17
[0806/160830.928:WARNING:spdy_session.cc(3365)] Received HEADERS for invalid stream 27
[0806/160830.928:WARNING:spdy_session.cc(3365)] Received HEADERS for invalid stream 33
[0806/160831.246:WARNING:spdy_session.cc(3365)] Received HEADERS for invalid stream 71
[0806/160831.474:WARNING:spdy_session.cc(3365)] Received HEADERS for invalid stream 31
[0806/160831.474:WARNING:spdy_session.cc(3365)] Received HEADERS for invalid stream 29
[0806/160831.474:WARNING:spdy_session.cc(3365)] Received HEADERS for invalid stream 35
[0806/160831.474:WARNING:spdy_session.cc(3365)] Received HEADERS for invalid stream 37
[0806/160831.474:WARNING:spdy_session.cc(3365)] Received HEADERS for invalid stream 39
[0806/160831.474:WARNING:spdy_session.cc(3365)] Received HEADERS for invalid stream 41
[0806/160831.474:WARNING:spdy_session.cc(3365)] Received HEADERS for invalid stream 43
[0806/160831.474:WARNING:spdy_session.cc(3365)] Received HEADERS for invalid stream 45
[0806/160831.474:WARNING:spdy_session.cc(3365)] Received HEADERS for invalid stream 47
[0806/160831.474:WARNING:spdy_session.cc(3365)] Received HEADERS for invalid stream 49
[0806/160831.474:WARNING:spdy_session.cc(3365)] Received HEADERS for invalid stream 51
[0806/160831.474:WARNING:spdy_session.cc(3365)] Received HEADERS for invalid stream 53
[0806/160831.474:WARNING:spdy_session.cc(3365)] Received HEADERS for invalid stream 55
[0806/160831.474:WARNING:spdy_session.cc(3365)] Received HEADERS for invalid stream 57
[0806/160831.474:WARNING:spdy_session.cc(3365)] Received HEADERS for invalid stream 59
[0806/160831.474:WARNING:spdy_session.cc(3365)] Received HEADERS for invalid stream 61
[0806/160831.475:WARNING:spdy_session.cc(3365)] Received HEADERS for invalid stream 63
[0806/160831.475:WARNING:spdy_session.cc(3365)] Received HEADERS for invalid stream 65
[0806/160831.475:WARNING:spdy_session.cc(3365)] Received HEADERS for invalid stream 67
[0806/160831.475:WARNING:spdy_session.cc(3365)] Received HEADERS for invalid stream 69
[0806/160831.475:WARNING:spdy_session.cc(3365)] Received HEADERS for invalid stream 73
[0806/160831.475:WARNING:spdy_session.cc(3365)] Received HEADERS for invalid stream 75
[0806/160831.475:WARNING:spdy_session.cc(3365)] Received HEADERS for invalid stream 77
[0806/160831.475:WARNING:spdy_session.cc(3365)] Received HEADERS for invalid stream 79
[0806/160831.475:WARNING:spdy_session.cc(3365)] Received HEADERS for invalid stream 81
[0806/160831.475:WARNING:spdy_session.cc(3365)] Received HEADERS for invalid stream 85
[0806/160831.475:WARNING:spdy_session.cc(3365)] Received HEADERS for invalid stream 83
[0806/160831.475:WARNING:spdy_session.cc(3365)] Received HEADERS for invalid stream 87
[0806/160831.475:WARNING:spdy_session.cc(3365)] Received HEADERS for invalid stream 89
[0806/160831.475:WARNING:spdy_session.cc(3365)] Received HEADERS for invalid stream 91
[0806/160831.475:WARNING:spdy_session.cc(3365)] Received HEADERS for invalid stream 93
[0806/160831.475:WARNING:spdy_session.cc(3365)] Received HEADERS for invalid stream 95
[0806/160831.475:WARNING:spdy_session.cc(3365)] Received HEADERS for invalid stream 97
[0806/160831.475:WARNING:spdy_session.cc(3365)] Received HEADERS for invalid stream 99
[0806/164604.968:ERROR:backend_impl.cc(1041)] Critical error found -8
[0806/164604.983:ERROR:entry_impl.cc(1076)] No file for c103051e
[0806/164604.983:WARNING:storage_block-inl.h(146)] Failed data load.
[0806/164604.983:WARNING:storage_block-inl.h(146)] Failed data load.
[0806/164604.983:WARNING:storage_block-inl.h(146)] Failed data load.
[0806/164604.983:WARNING:storage_block-inl.h(146)] Failed data load.
[0806/164604.983:ERROR:entry_impl.cc(1076)] No file for c1030520
[0806/164604.983:WARNING:storage_block-inl.h(146)] Failed data load.
[0806/164604.983:WARNING:storage_block-inl.h(146)] Failed data load.
[0806/164604.983:WARNING:storage_block-inl.h(146)] Failed data load.
[0806/164604.983:WARNING:storage_block-inl.h(146)] Failed data load.
[0806/164604.983:ERROR:entry_impl.cc(1076)] No file for c1030522
[0806/164604.984:WARNING:storage_block-inl.h(146)] Failed data load.
[0806/164604.984:WARNING:storage_block-inl.h(146)] Failed data load.
[0806/164605.009:WARNING:storage_block-inl.h(146)] Failed data load.
[0814/125710.265:ERROR:backend_impl.cc(1041)] Critical error found -8
[0814/125710.897:WARNING:storage_block-inl.h(146)] Failed data load.
[0814/125710.897:WARNING:storage_block-inl.h(146)] Failed data load.
[0814/125710.897:WARNING:storage_block-inl.h(146)] Failed data load.
[0814/125710.898:WARNING:storage_block-inl.h(146)] Failed data load.
[0814/125710.899:ERROR:entry_impl.cc(998)] Failed to save user data
[0814/125710.899:ERROR:entry_impl.cc(998)] Failed to save user data
[0814/125721.691:WARNING:spdy_session.cc(3365)] Received HEADERS for invalid stream 9
[0814/125721.959:WARNING:spdy_session.cc(3365)] Received HEADERS for invalid stream 11
[0814/125721.959:WARNING:spdy_session.cc(3365)] Received HEADERS for invalid stream 19
[0814/125721.977:WARNING:spdy_session.cc(3365)] Received HEADERS for invalid stream 17
[0814/125721.984:WARNING:spdy_session.cc(3365)] Received HEADERS for invalid stream 15
[0814/125722.259:WARNING:spdy_session.cc(3365)] Received HEADERS for invalid stream 13
[0814/125722.484:WARNING:spdy_session.cc(3365)] Received HEADERS for invalid stream 21
[0814/125722.484:WARNING:spdy_session.cc(3365)] Received HEADERS for invalid stream 23
[0814/125723.424:WARNING:spdy_session.cc(3365)] Received HEADERS for invalid stream 25
[0814/125725.125:WARNING:spdy_session.cc(3365)] Received HEADERS for invalid stream 3
[0814/125725.125:WARNING:spdy_session.cc(3365)] Received HEADERS for invalid stream 7
[0816/094927.570:WARNING:spdy_session.cc(3365)] Received HEADERS for invalid stream 1
[0816/112029.275:ERROR:rankings.cc(767)] Inconsistent LRU.
[0816/112029.299:ERROR:backend_impl.cc(1041)] Critical error found -8
[0816/112029.300:WARNING:storage_block-inl.h(146)] Failed data load.
[0816/112029.300:WARNING:storage_block-inl.h(146)] Failed data load.
[0816/112029.300:ERROR:entry_impl.cc(1076)] No file for c10300c6
[0816/112029.300:WARNING:storage_block-inl.h(146)] Failed data load.
[0816/112029.300:WARNING:storage_block-inl.h(146)] Failed data load.
[0816/112029.300:WARNING:storage_block-inl.h(146)] Failed data load.
[0816/112029.300:WARNING:storage_block-inl.h(146)] Failed data load.
[0816/112029.300:ERROR:entry_impl.cc(1076)] No file for c1030022
[0816/112029.300:WARNING:storage_block-inl.h(146)] Failed data load.
[0816/112029.300:WARNING:storage_block-inl.h(146)] Failed data load.
[0816/112029.300:WARNING:storage_block-inl.h(146)] Failed data load.
[0816/112029.300:WARNING:storage_block-inl.h(146)] Failed data load.
[0816/112029.300:WARNING:storage_block-inl.h(146)] Failed data load.
[0816/112029.300:WARNING:storage_block-inl.h(146)] Failed data load.
[0816/112029.300:WARNING:storage_block-inl.h(146)] Failed data load.
[0816/112029.300:WARNING:storage_block-inl.h(146)] Failed data load.
[0816/112029.300:WARNING:storage_block-inl.h(146)] Failed data load.
[0816/112029.300:WARNING:storage_block-inl.h(146)] Failed data load.
[0816/112029.300:ERROR:entry_impl.cc(1076)] No file for c1030052
[0816/112029.300:WARNING:storage_block-inl.h(146)] Failed data load.
[0816/112029.300:WARNING:storage_block-inl.h(146)] Failed data load.
[0816/112029.300:WARNING:storage_block-inl.h(146)] Failed data load.
[0816/112029.300:WARNING:storage_block-inl.h(146)] Failed data load.
[0816/112029.300:ERROR:entry_impl.cc(1076)] No file for c10300f8
[0816/112029.312:WARNING:storage_block-inl.h(146)] Failed data load.
[0816/112029.312:WARNING:storage_block-inl.h(146)] Failed data load.
[0816/112029.312:WARNING:storage_block-inl.h(146)] Failed data load.
[0816/112029.313:WARNING:storage_block-inl.h(146)] Failed data load.
[0816/112029.313:WARNING:storage_block-inl.h(146)] Failed data load.
[0816/112029.313:WARNING:storage_block-inl.h(146)] Failed data load.
[0816/112029.313:WARNING:storage_block-inl.h(146)] Failed data load.
[0816/112029.313:WARNING:storage_block-inl.h(146)] Failed data load.
[0816/112029.313:WARNING:storage_block-inl.h(146)] Failed data load.
[0816/112029.313:WARNING:storage_block-inl.h(146)] Failed data load.
[0816/112029.314:WARNING:storage_block-inl.h(146)] Failed data load.
[0816/112029.314:WARNING:storage_block-inl.h(146)] Failed data load.
[0816/112029.314:WARNING:storage_block-inl.h(146)] Failed data load.
[0816/112029.314:WARNING:storage_block-inl.h(146)] Failed data load.
[0816/112029.314:WARNING:storage_block-inl.h(146)] Failed data load.
[0816/112029.314:WARNING:storage_block-inl.h(146)] Failed data load.
[0816/112029.314:WARNING:storage_block-inl.h(146)] Failed data load.
[0816/112029.314:WARNING:storage_block-inl.h(146)] Failed data load.
[0816/112029.315:WARNING:storage_block-inl.h(146)] Failed data load.
[0816/112029.315:WARNING:storage_block-inl.h(146)] Failed data load.
[0816/112029.315:WARNING:storage_block-inl.h(146)] Failed data load.
[0816/112029.315:WARNING:storage_block-inl.h(146)] Failed data load.
[0816/112029.315:WARNING:storage_block-inl.h(146)] Failed data load.
[0816/112029.315:WARNING:storage_block-inl.h(146)] Failed data load.
[0816/112029.316:WARNING:storage_block-inl.h(146)] Failed data load.
[0816/112029.316:WARNING:storage_block-inl.h(146)] Failed data load.
[0816/112029.316:WARNING:storage_block-inl.h(146)] Failed data load.
[0816/112029.316:WARNING:storage_block-inl.h(146)] Failed data load.
[0816/112029.317:WARNING:storage_block-inl.h(146)] Failed data load.
[0816/112029.317:WARNING:storage_block-inl.h(146)] Failed data load.
[0816/112029.317:WARNING:storage_block-inl.h(146)] Failed data load.
[0816/112029.317:WARNING:storage_block-inl.h(146)] Failed data load.
[0816/112029.317:WARNING:storage_block-inl.h(146)] Failed data load.
[0816/112029.317:WARNING:storage_block-inl.h(146)] Failed data load.
[0816/112029.318:WARNING:storage_block-inl.h(146)] Failed data load.
[0816/112029.318:WARNING:storage_block-inl.h(146)] Failed data load.
[0816/112029.319:WARNING:storage_block-inl.h(146)] Failed data load.
[0816/112029.319:WARNING:storage_block-inl.h(146)] Failed data load.
[0816/112029.319:WARNING:storage_block-inl.h(146)] Failed data load.
[0816/112029.319:WARNING:storage_block-inl.h(146)] Failed data load.
[0816/112029.341:WARNING:storage_block-inl.h(146)] Failed data load.
[0816/112029.341:WARNING:storage_block-inl.h(146)] Failed data load.
[0816/112029.341:WARNING:storage_block-inl.h(146)] Failed data load.
[0816/112029.341:WARNING:storage_block-inl.h(146)] Failed data load.
[0816/112029.344:WARNING:storage_block-inl.h(146)] Failed data load.
[0816/112029.344:WARNING:storage_block-inl.h(146)] Failed data load.
[0816/112029.344:WARNING:storage_block-inl.h(146)] Failed data load.
[0816/112029.344:WARNING:storage_block-inl.h(146)] Failed data load.
[0816/112029.348:WARNING:storage_block-inl.h(146)] Failed data load.
[0816/112029.348:WARNING:storage_block-inl.h(146)] Failed data load.
[0816/112029.348:WARNING:storage_block-inl.h(146)] Failed data load.
[0816/112029.348:WARNING:storage_block-inl.h(146)] Failed data load.
[0816/112029.397:WARNING:storage_block-inl.h(146)] Failed data load.
[0816/112029.397:WARNING:storage_block-inl.h(146)] Failed data load.
[0816/112029.397:WARNING:storage_block-inl.h(146)] Failed data load.
[0816/112029.397:WARNING:storage_block-inl.h(146)] Failed data load.
[0816/112029.434:WARNING:storage_block-inl.h(146)] Failed data load.
[0816/112029.434:WARNING:storage_block-inl.h(146)] Failed data load.
[0816/112029.434:WARNING:storage_block-inl.h(146)] Failed data load.
[0816/112029.434:WARNING:storage_block-inl.h(146)] Failed data load.
[0816/112029.439:WARNING:storage_block-inl.h(146)] Failed data load.
[0816/112029.439:WARNING:storage_block-inl.h(146)] Failed data load.
[0816/112029.439:WARNING:storage_block-inl.h(146)] Failed data load.
[0816/112029.439:WARNING:storage_block-inl.h(146)] Failed data load.
[0816/112029.439:WARNING:storage_block-inl.h(146)] Failed data load.
[0816/112029.439:WARNING:storage_block-inl.h(146)] Failed data load.
[0816/112029.439:WARNING:storage_block-inl.h(146)] Failed data load.
[0816/112029.439:WARNING:storage_block-inl.h(146)] Failed data load.
[0816/112029.440:WARNING:storage_block-inl.h(146)] Failed data load.
[0816/112029.440:WARNING:storage_block-inl.h(146)] Failed data load.
[0816/112029.440:WARNING:storage_block-inl.h(146)] Failed data load.
[0816/112029.440:WARNING:storage_block-inl.h(146)] Failed data load.
[0816/112029.441:WARNING:storage_block-inl.h(146)] Failed data load.
[0816/112029.441:WARNING:storage_block-inl.h(146)] Failed data load.
[0816/112029.441:WARNING:storage_block-inl.h(146)] Failed data load.
[0816/112029.441:WARNING:storage_block-inl.h(146)] Failed data load.
[0816/112029.441:WARNING:storage_block-inl.h(146)] Failed data load.
[0816/112029.441:WARNING:storage_block-inl.h(146)] Failed data load.
[0816/112029.442:WARNING:storage_block-inl.h(146)] Failed data load.
[0816/112029.442:WARNING:storage_block-inl.h(146)] Failed data load.
[0816/112029.445:WARNING:storage_block-inl.h(146)] Failed data load.
[0816/112029.445:WARNING:storage_block-inl.h(146)] Failed data load.
[0816/112029.445:WARNING:storage_block-inl.h(146)] Failed data load.
[0816/112029.445:WARNING:storage_block-inl.h(146)] Failed data load.
[0816/112029.446:WARNING:storage_block-inl.h(146)] Failed data load.
[0816/112029.446:WARNING:storage_block-inl.h(146)] Failed data load.
[0816/112029.446:WARNING:storage_block-inl.h(146)] Failed data load.
[0816/112029.446:WARNING:storage_block-inl.h(146)] Failed data load.
[0816/112029.447:WARNING:storage_block-inl.h(146)] Failed data load.
[0816/112029.447:WARNING:storage_block-inl.h(146)] Failed data load.
[0816/112029.447:WARNING:storage_block-inl.h(146)] Failed data load.
[0816/112029.447:WARNING:storage_block-inl.h(146)] Failed data load.
[0816/112029.448:WARNING:storage_block-inl.h(146)] Failed data load.
[0816/112029.448:WARNING:storage_block-inl.h(146)] Failed data load.
[0816/112029.448:WARNING:storage_block-inl.h(146)] Failed data load.
[0816/112029.448:WARNING:storage_block-inl.h(146)] Failed data load.
[0816/112029.449:WARNING:storage_block-inl.h(146)] Failed data load.
[0816/112029.449:WARNING:storage_block-inl.h(146)] Failed data load.
[0816/112029.449:WARNING:storage_block-inl.h(146)] Failed data load.
[0816/112029.449:WARNING:storage_block-inl.h(146)] Failed data load.
[0816/112030.008:ERROR:entry_impl.cc(998)] Failed to save user data
[0816/112030.654:WARNING:spdy_session.cc(3365)] Received HEADERS for invalid stream 17
[0816/112030.654:WARNING:spdy_session.cc(3365)] Received HEADERS for invalid stream 21
[0816/112030.661:WARNING:spdy_session.cc(3365)] Received HEADERS for invalid stream 19
[0816/112030.661:WARNING:spdy_session.cc(3365)] Received HEADERS for invalid stream 25
[0816/112030.661:WARNING:spdy_session.cc(3365)] Received HEADERS for invalid stream 23
[0816/112030.661:WARNING:spdy_session.cc(3365)] Received HEADERS for invalid stream 27
[0816/112032.236:WARNING:spdy_session.cc(3365)] Received HEADERS for invalid stream 29
[0816/112032.237:WARNING:spdy_session.cc(3365)] Received HEADERS for invalid stream 37
[0816/112032.237:WARNING:spdy_session.cc(3365)] Received HEADERS for invalid stream 33
[0816/112032.237:WARNING:spdy_session.cc(3365)] Received HEADERS for invalid stream 39
[0816/112032.237:WARNING:spdy_session.cc(3365)] Received HEADERS for invalid stream 45
[0816/112032.237:WARNING:spdy_session.cc(3365)] Received HEADERS for invalid stream 47
[0816/112032.237:WARNING:spdy_session.cc(3365)] Received HEADERS for invalid stream 43
[0816/112032.237:WARNING:spdy_session.cc(3365)] Received HEADERS for invalid stream 49
[0816/112032.237:WARNING:spdy_session.cc(3365)] Received HEADERS for invalid stream 53
[0816/112032.295:WARNING:spdy_session.cc(3365)] Received HEADERS for invalid stream 31
[0816/112032.295:WARNING:spdy_session.cc(3365)] Received HEADERS for invalid stream 55
[0816/112032.295:WARNING:spdy_session.cc(3365)] Received HEADERS for invalid stream 69
[0816/112032.295:WARNING:spdy_session.cc(3365)] Received HEADERS for invalid stream 61
[0816/112032.295:WARNING:spdy_session.cc(3365)] Received HEADERS for invalid stream 59
[0816/112032.295:WARNING:spdy_session.cc(3365)] Received HEADERS for invalid stream 81
[0816/112032.295:WARNING:spdy_session.cc(3365)] Received HEADERS for invalid stream 73
[0816/112032.295:WARNING:spdy_session.cc(3365)] Received HEADERS for invalid stream 85
[0816/112032.295:WARNING:spdy_session.cc(3365)] Received HEADERS for invalid stream 71
[0816/112032.295:WARNING:spdy_session.cc(3365)] Received HEADERS for invalid stream 75
[0816/112032.295:WARNING:spdy_session.cc(3365)] Received HEADERS for invalid stream 83
[0816/112032.295:WARNING:spdy_session.cc(3365)] Received HEADERS for invalid stream 97
[0816/112032.295:WARNING:spdy_session.cc(3365)] Received HEADERS for invalid stream 87
[0816/112032.295:WARNING:spdy_session.cc(3365)] Received HEADERS for invalid stream 89
[0816/112032.295:WARNING:spdy_session.cc(3365)] Received HEADERS for invalid stream 91
[0816/112032.295:WARNING:spdy_session.cc(3365)] Received HEADERS for invalid stream 95
[0816/112032.295:WARNING:spdy_session.cc(3365)] Received HEADERS for invalid stream 103
[0816/112032.295:WARNING:spdy_session.cc(3365)] Received HEADERS for invalid stream 57
[0816/112032.295:WARNING:spdy_session.cc(3365)] Received HEADERS for invalid stream 63
[0816/112032.295:WARNING:spdy_session.cc(3365)] Received HEADERS for invalid stream 109
[0816/112032.295:WARNING:spdy_session.cc(3365)] Received HEADERS for invalid stream 67
[0816/112032.295:WARNING:spdy_session.cc(3365)] Received HEADERS for invalid stream 79
[0816/112032.295:WARNING:spdy_session.cc(3365)] Received HEADERS for invalid stream 105
[0816/112032.295:WARNING:spdy_session.cc(3365)] Received HEADERS for invalid stream 35
[0816/112032.296:WARNING:spdy_session.cc(3365)] Received HEADERS for invalid stream 41
[0816/112032.296:WARNING:spdy_session.cc(3365)] Received HEADERS for invalid stream 51
[0816/112032.296:WARNING:spdy_session.cc(3365)] Received HEADERS for invalid stream 111
[0816/112032.296:WARNING:spdy_session.cc(3365)] Received HEADERS for invalid stream 77
[0816/112032.296:WARNING:spdy_session.cc(3365)] Received HEADERS for invalid stream 65
[0816/112032.296:WARNING:spdy_session.cc(3365)] Received HEADERS for invalid stream 93
[0816/112032.296:WARNING:spdy_session.cc(3365)] Received HEADERS for invalid stream 99
[0816/112032.296:WARNING:spdy_session.cc(3365)] Received HEADERS for invalid stream 107
[0816/112032.296:WARNING:spdy_session.cc(3365)] Received HEADERS for invalid stream 101
[0816/112104.579:WARNING:gpu_process_host.cc(1230)] The GPU process has crashed 1 time(s)
[0816/112105.407:ERROR:network_service_instance_impl.cc(263)] Network service crashed, restarting service.
[0816/112105.637:WARNING:gpu_process_host.cc(972)] Reinitialized the GPU process after a crash. The reported initialization time was 159 ms
